<?xml version="1.0" encoding="UTF-8"?>
<!-- Generated by org.testng.reporters.JUnitReportReporter -->
<testsuite skipped="0" hostname="VIJDA01-7470" name="Mygrp.gen.sel" tests="1" failures="0" timestamp="01 Oct 2019 07:07:19 GMT" time="7.671" errors="0">
  <testcase name="venu" time="7.671" classname="Mygrp.gen.sel"/>
</testsuite> <!-- Mygrp.gen.sel -->
